<?xml version="1.0" encoding="UTF-8"?>
<!-- Generated by org.testng.reporters.JUnitReportReporter -->
<testsuite hostname="ParamiPC" failures="0" tests="3" name="test_scenarios.FacebookBasicTestSpec" time="9.516" errors="0" timestamp="2022-06-10T16:35:31 EDT" skipped="0">
  <testcase classname="test_scenarios.FacebookBasicTestSpec" name="verifyLogin" time="5.038"/>
  <system-out/>
  <testcase classname="test_scenarios.FacebookBasicTestSpec" name="postStatus" time="1.828"/>
  <system-out/>
  <testcase classname="test_scenarios.FacebookBasicTestSpec" name="verifyStatus" time="2.650"/>
  <system-out/>
</testsuite> <!-- test_scenarios.FacebookBasicTestSpec -->
